<?xml version="1.0" encoding="UTF-8"?>
<testsuite name="edu.coursera.parallel.ReciprocalArraySumTest" time="51.847" tests="4" errors="0" skipped="0" failures="2">
  <properties>
    <property name="java.runtime.name" value="OpenJDK Runtime Environment"/>
    <property name="sun.boot.library.path" value="/usr/lib/jvm/java-8-openjdk-amd64/jre/lib/amd64"/>
    <property name="java.vm.version" value="25.282-b08"/>
    <property name="java.vm.vendor" value="Private Build"/>
    <property name="maven.multiModuleProjectDirectory" value="/home/danielhan/Documents/Parallel-Programming/miniproject_1"/>
    <property name="java.vendor.url" value="http://java.oracle.com/"/>
    <property name="path.separator" value=":"/>
    <property name="guice.disable.misplaced.annotation.check" value="true"/>
    <property name="java.vm.name" value="OpenJDK 64-Bit Server VM"/>
    <property name="file.encoding.pkg" value="sun.io"/>
    <property name="user.country" value="CA"/>
    <property name="sun.java.launcher" value="SUN_STANDARD"/>
    <property name="sun.os.patch.level" value="unknown"/>
    <property name="java.vm.specification.name" value="Java Virtual Machine Specification"/>
    <property name="user.dir" value="/home/danielhan/Documents/Parallel-Programming/miniproject_1"/>
    <property name="java.runtime.version" value="1.8.0_282-8u282-b08-0ubuntu1~16.04-b08"/>
    <property name="java.awt.graphicsenv" value="sun.awt.X11GraphicsEnvironment"/>
    <property name="java.endorsed.dirs" value="/usr/lib/jvm/java-8-openjdk-amd64/jre/lib/endorsed"/>
    <property name="os.arch" value="amd64"/>
    <property name="java.io.tmpdir" value="/tmp"/>
    <property name="line.separator" value="&#10;"/>
    <property name="java.vm.specification.vendor" value="Oracle Corporation"/>
    <property name="os.name" value="Linux"/>
    <property name="maven.ext.class.path" value="/home/danielhan/Downloads/idea-IC-192.6262.58/plugins/maven/lib/maven-event-listener.jar"/>
    <property name="classworlds.conf" value="/home/danielhan/Downloads/idea-IC-192.6262.58/plugins/maven/lib/maven3/bin/m2.conf"/>
    <property name="sun.jnu.encoding" value="UTF-8"/>
    <property name="java.library.path" value="/usr/java/packages/lib/amd64:/usr/lib/x86_64-linux-gnu/jni:/lib/x86_64-linux-gnu:/usr/lib/x86_64-linux-gnu:/usr/lib/jni:/lib:/usr/lib"/>
    <property name="maven.conf" value="/home/danielhan/Downloads/idea-IC-192.6262.58/plugins/maven/lib/maven3/conf"/>
    <property name="java.specification.name" value="Java Platform API Specification"/>
    <property name="java.class.version" value="52.0"/>
    <property name="sun.management.compiler" value="HotSpot 64-Bit Tiered Compilers"/>
    <property name="os.version" value="4.15.0-133-generic"/>
    <property name="user.home" value="/home/danielhan"/>
    <property name="user.timezone" value="America/Toronto"/>
    <property name="java.awt.printerjob" value="sun.print.PSPrinterJob"/>
    <property name="java.specification.version" value="1.8"/>
    <property name="file.encoding" value="UTF-8"/>
    <property name="user.name" value="danielhan"/>
    <property name="java.class.path" value="/home/danielhan/Downloads/idea-IC-192.6262.58/plugins/maven/lib/maven3/boot/plexus-classworlds-2.6.0.jar:/home/danielhan/Downloads/idea-IC-192.6262.58/lib/idea_rt.jar"/>
    <property name="idea.version2019.2.1" value="true"/>
    <property name="java.vm.specification.version" value="1.8"/>
    <property name="sun.arch.data.model" value="64"/>
    <property name="java.home" value="/usr/lib/jvm/java-8-openjdk-amd64/jre"/>
    <property name="sun.java.command" value="org.codehaus.classworlds.Launcher -Didea.version2019.2.1 test"/>
    <property name="java.specification.vendor" value="Oracle Corporation"/>
    <property name="user.language" value="en"/>
    <property name="awt.toolkit" value="sun.awt.X11.XToolkit"/>
    <property name="java.vm.info" value="mixed mode"/>
    <property name="java.version" value="1.8.0_282"/>
    <property name="java.ext.dirs" value="/usr/lib/jvm/java-8-openjdk-amd64/jre/lib/ext:/usr/java/packages/lib/ext"/>
    <property name="securerandom.source" value="file:/dev/./urandom"/>
    <property name="sun.boot.class.path" value="/usr/lib/jvm/java-8-openjdk-amd64/jre/lib/resources.jar:/usr/lib/jvm/java-8-openjdk-amd64/jre/lib/rt.jar:/usr/lib/jvm/java-8-openjdk-amd64/jre/lib/sunrsasign.jar:/usr/lib/jvm/java-8-openjdk-amd64/jre/lib/jsse.jar:/usr/lib/jvm/java-8-openjdk-amd64/jre/lib/jce.jar:/usr/lib/jvm/java-8-openjdk-amd64/jre/lib/charsets.jar:/usr/lib/jvm/java-8-openjdk-amd64/jre/lib/jfr.jar:/usr/lib/jvm/java-8-openjdk-amd64/jre/classes"/>
    <property name="java.vendor" value="Private Build"/>
    <property name="maven.home" value="/home/danielhan/Downloads/idea-IC-192.6262.58/plugins/maven/lib/maven3"/>
    <property name="file.separator" value="/"/>
    <property name="java.vendor.url.bug" value="http://bugreport.sun.com/bugreport/"/>
    <property name="sun.cpu.endian" value="little"/>
    <property name="sun.io.unicode.encoding" value="UnicodeLittle"/>
    <property name="sun.desktop" value="gnome"/>
    <property name="sun.cpu.isalist" value=""/>
  </properties>
  <testcase name="testParSimpleTwoMillion" classname="edu.coursera.parallel.ReciprocalArraySumTest" time="0.318"/>
  <testcase name="testParSimpleTwoHundredMillion" classname="edu.coursera.parallel.ReciprocalArraySumTest" time="27.554"/>
  <testcase name="testParManyTaskTwoMillion" classname="edu.coursera.parallel.ReciprocalArraySumTest" time="0.288">
    <failure message="It was expected that the many-task parallel implementation would run at least 4.800000x faster, but it only achieved 2.000000x speedup" type="junit.framework.AssertionFailedError">junit.framework.AssertionFailedError: It was expected that the many-task parallel implementation would run at least 4.800000x faster, but it only achieved 2.000000x speedup
	at junit.framework.Assert.fail(Assert.java:47)
	at junit.framework.Assert.assertTrue(Assert.java:20)
	at edu.coursera.parallel.ReciprocalArraySumTest.testParManyTaskTwoMillion(ReciprocalArraySumTest.java:151)
</failure>
    <system-out><![CDATA[start: 0, end: 250000
start: 250000, end: 500000
start: 500000, end: 750000
start: 750000, end: 1000000
start: 1000000, end: 1250000
start: 1250000, end: 1500000
start: 1500000, end: 1750000
numTasks: 8
tasks size: 8
start: 0, end: 250000
start: 250000, end: 500000
start: 500000, end: 750000
start: 750000, end: 1000000
start: 1000000, end: 1250000
start: 1250000, end: 1500000
start: 1500000, end: 1750000
numTasks: 8
tasks size: 8
start: 0, end: 250000
start: 250000, end: 500000
start: 500000, end: 750000
start: 750000, end: 1000000
start: 1000000, end: 1250000
start: 1250000, end: 1500000
start: 1500000, end: 1750000
numTasks: 8
tasks size: 8
start: 0, end: 250000
start: 250000, end: 500000
start: 500000, end: 750000
start: 750000, end: 1000000
start: 1000000, end: 1250000
start: 1250000, end: 1500000
start: 1500000, end: 1750000
numTasks: 8
tasks size: 8
start: 0, end: 250000
start: 250000, end: 500000
start: 500000, end: 750000
start: 750000, end: 1000000
start: 1000000, end: 1250000
start: 1250000, end: 1500000
start: 1500000, end: 1750000
numTasks: 8
tasks size: 8
start: 0, end: 250000
start: 250000, end: 500000
start: 500000, end: 750000
start: 750000, end: 1000000
start: 1000000, end: 1250000
start: 1250000, end: 1500000
start: 1500000, end: 1750000
numTasks: 8
tasks size: 8
start: 0, end: 250000
start: 250000, end: 500000
start: 500000, end: 750000
start: 750000, end: 1000000
start: 1000000, end: 1250000
start: 1250000, end: 1500000
start: 1500000, end: 1750000
numTasks: 8
tasks size: 8
start: 0, end: 250000
start: 250000, end: 500000
start: 500000, end: 750000
start: 750000, end: 1000000
start: 1000000, end: 1250000
start: 1250000, end: 1500000
start: 1500000, end: 1750000
numTasks: 8
tasks size: 8
start: 0, end: 250000
start: 250000, end: 500000
start: 500000, end: 750000
start: 750000, end: 1000000
start: 1000000, end: 1250000
start: 1250000, end: 1500000
start: 1500000, end: 1750000
numTasks: 8
tasks size: 8
start: 0, end: 250000
start: 250000, end: 500000
start: 500000, end: 750000
start: 750000, end: 1000000
start: 1000000, end: 1250000
start: 1250000, end: 1500000
start: 1500000, end: 1750000
numTasks: 8
tasks size: 8
start: 0, end: 250000
start: 250000, end: 500000
start: 500000, end: 750000
start: 750000, end: 1000000
start: 1000000, end: 1250000
start: 1250000, end: 1500000
start: 1500000, end: 1750000
numTasks: 8
tasks size: 8
start: 0, end: 250000
start: 250000, end: 500000
start: 500000, end: 750000
start: 750000, end: 1000000
start: 1000000, end: 1250000
start: 1250000, end: 1500000
start: 1500000, end: 1750000
numTasks: 8
tasks size: 8
start: 0, end: 250000
start: 250000, end: 500000
start: 500000, end: 750000
start: 750000, end: 1000000
start: 1000000, end: 1250000
start: 1250000, end: 1500000
start: 1500000, end: 1750000
numTasks: 8
tasks size: 8
start: 0, end: 250000
start: 250000, end: 500000
start: 500000, end: 750000
start: 750000, end: 1000000
start: 1000000, end: 1250000
start: 1250000, end: 1500000
start: 1500000, end: 1750000
numTasks: 8
tasks size: 8
start: 0, end: 250000
start: 250000, end: 500000
start: 500000, end: 750000
start: 750000, end: 1000000
start: 1000000, end: 1250000
start: 1250000, end: 1500000
start: 1500000, end: 1750000
numTasks: 8
tasks size: 8
start: 0, end: 250000
start: 250000, end: 500000
start: 500000, end: 750000
start: 750000, end: 1000000
start: 1000000, end: 1250000
start: 1250000, end: 1500000
start: 1500000, end: 1750000
numTasks: 8
tasks size: 8
start: 0, end: 250000
start: 250000, end: 500000
start: 500000, end: 750000
start: 750000, end: 1000000
start: 1000000, end: 1250000
start: 1250000, end: 1500000
start: 1500000, end: 1750000
numTasks: 8
tasks size: 8
start: 0, end: 250000
start: 250000, end: 500000
start: 500000, end: 750000
start: 750000, end: 1000000
start: 1000000, end: 1250000
start: 1250000, end: 1500000
start: 1500000, end: 1750000
numTasks: 8
tasks size: 8
start: 0, end: 250000
start: 250000, end: 500000
start: 500000, end: 750000
start: 750000, end: 1000000
start: 1000000, end: 1250000
start: 1250000, end: 1500000
start: 1500000, end: 1750000
numTasks: 8
tasks size: 8
start: 0, end: 250000
start: 250000, end: 500000
start: 500000, end: 750000
start: 750000, end: 1000000
start: 1000000, end: 1250000
start: 1250000, end: 1500000
start: 1500000, end: 1750000
numTasks: 8
tasks size: 8
start: 0, end: 250000
start: 250000, end: 500000
start: 500000, end: 750000
start: 750000, end: 1000000
start: 1000000, end: 1250000
start: 1250000, end: 1500000
start: 1500000, end: 1750000
numTasks: 8
tasks size: 8
start: 0, end: 250000
start: 250000, end: 500000
start: 500000, end: 750000
start: 750000, end: 1000000
start: 1000000, end: 1250000
start: 1250000, end: 1500000
start: 1500000, end: 1750000
numTasks: 8
tasks size: 8
start: 0, end: 250000
start: 250000, end: 500000
start: 500000, end: 750000
start: 750000, end: 1000000
start: 1000000, end: 1250000
start: 1250000, end: 1500000
start: 1500000, end: 1750000
numTasks: 8
tasks size: 8
start: 0, end: 250000
start: 250000, end: 500000
start: 500000, end: 750000
start: 750000, end: 1000000
start: 1000000, end: 1250000
start: 1250000, end: 1500000
start: 1500000, end: 1750000
numTasks: 8
tasks size: 8
start: 0, end: 250000
start: 250000, end: 500000
start: 500000, end: 750000
start: 750000, end: 1000000
start: 1000000, end: 1250000
start: 1250000, end: 1500000
start: 1500000, end: 1750000
numTasks: 8
tasks size: 8
start: 0, end: 250000
start: 250000, end: 500000
start: 500000, end: 750000
start: 750000, end: 1000000
start: 1000000, end: 1250000
start: 1250000, end: 1500000
start: 1500000, end: 1750000
numTasks: 8
tasks size: 8
start: 0, end: 250000
start: 250000, end: 500000
start: 500000, end: 750000
start: 750000, end: 1000000
start: 1000000, end: 1250000
start: 1250000, end: 1500000
start: 1500000, end: 1750000
numTasks: 8
tasks size: 8
start: 0, end: 250000
start: 250000, end: 500000
start: 500000, end: 750000
start: 750000, end: 1000000
start: 1000000, end: 1250000
start: 1250000, end: 1500000
start: 1500000, end: 1750000
numTasks: 8
tasks size: 8
start: 0, end: 250000
start: 250000, end: 500000
start: 500000, end: 750000
start: 750000, end: 1000000
start: 1000000, end: 1250000
start: 1250000, end: 1500000
start: 1500000, end: 1750000
numTasks: 8
tasks size: 8
start: 0, end: 250000
start: 250000, end: 500000
start: 500000, end: 750000
start: 750000, end: 1000000
start: 1000000, end: 1250000
start: 1250000, end: 1500000
start: 1500000, end: 1750000
numTasks: 8
tasks size: 8
start: 0, end: 250000
start: 250000, end: 500000
start: 500000, end: 750000
start: 750000, end: 1000000
start: 1000000, end: 1250000
start: 1250000, end: 1500000
start: 1500000, end: 1750000
numTasks: 8
tasks size: 8
start: 0, end: 250000
start: 250000, end: 500000
start: 500000, end: 750000
start: 750000, end: 1000000
start: 1000000, end: 1250000
start: 1250000, end: 1500000
start: 1500000, end: 1750000
numTasks: 8
tasks size: 8
start: 0, end: 250000
start: 250000, end: 500000
start: 500000, end: 750000
start: 750000, end: 1000000
start: 1000000, end: 1250000
start: 1250000, end: 1500000
start: 1500000, end: 1750000
numTasks: 8
tasks size: 8
start: 0, end: 250000
start: 250000, end: 500000
start: 500000, end: 750000
start: 750000, end: 1000000
start: 1000000, end: 1250000
start: 1250000, end: 1500000
start: 1500000, end: 1750000
numTasks: 8
tasks size: 8
start: 0, end: 250000
start: 250000, end: 500000
start: 500000, end: 750000
start: 750000, end: 1000000
start: 1000000, end: 1250000
start: 1250000, end: 1500000
start: 1500000, end: 1750000
numTasks: 8
tasks size: 8
start: 0, end: 250000
start: 250000, end: 500000
start: 500000, end: 750000
start: 750000, end: 1000000
start: 1000000, end: 1250000
start: 1250000, end: 1500000
start: 1500000, end: 1750000
numTasks: 8
tasks size: 8
start: 0, end: 250000
start: 250000, end: 500000
start: 500000, end: 750000
start: 750000, end: 1000000
start: 1000000, end: 1250000
start: 1250000, end: 1500000
start: 1500000, end: 1750000
numTasks: 8
tasks size: 8
start: 0, end: 250000
start: 250000, end: 500000
start: 500000, end: 750000
start: 750000, end: 1000000
start: 1000000, end: 1250000
start: 1250000, end: 1500000
start: 1500000, end: 1750000
numTasks: 8
tasks size: 8
start: 0, end: 250000
start: 250000, end: 500000
start: 500000, end: 750000
start: 750000, end: 1000000
start: 1000000, end: 1250000
start: 1250000, end: 1500000
start: 1500000, end: 1750000
numTasks: 8
tasks size: 8
start: 0, end: 250000
start: 250000, end: 500000
start: 500000, end: 750000
start: 750000, end: 1000000
start: 1000000, end: 1250000
start: 1250000, end: 1500000
start: 1500000, end: 1750000
numTasks: 8
tasks size: 8
start: 0, end: 250000
start: 250000, end: 500000
start: 500000, end: 750000
start: 750000, end: 1000000
start: 1000000, end: 1250000
start: 1250000, end: 1500000
start: 1500000, end: 1750000
numTasks: 8
tasks size: 8
start: 0, end: 250000
start: 250000, end: 500000
start: 500000, end: 750000
start: 750000, end: 1000000
start: 1000000, end: 1250000
start: 1250000, end: 1500000
start: 1500000, end: 1750000
numTasks: 8
tasks size: 8
start: 0, end: 250000
start: 250000, end: 500000
start: 500000, end: 750000
start: 750000, end: 1000000
start: 1000000, end: 1250000
start: 1250000, end: 1500000
start: 1500000, end: 1750000
numTasks: 8
tasks size: 8
start: 0, end: 250000
start: 250000, end: 500000
start: 500000, end: 750000
start: 750000, end: 1000000
start: 1000000, end: 1250000
start: 1250000, end: 1500000
start: 1500000, end: 1750000
numTasks: 8
tasks size: 8
start: 0, end: 250000
start: 250000, end: 500000
start: 500000, end: 750000
start: 750000, end: 1000000
start: 1000000, end: 1250000
start: 1250000, end: 1500000
start: 1500000, end: 1750000
numTasks: 8
tasks size: 8
start: 0, end: 250000
start: 250000, end: 500000
start: 500000, end: 750000
start: 750000, end: 1000000
start: 1000000, end: 1250000
start: 1250000, end: 1500000
start: 1500000, end: 1750000
numTasks: 8
tasks size: 8
start: 0, end: 250000
start: 250000, end: 500000
start: 500000, end: 750000
start: 750000, end: 1000000
start: 1000000, end: 1250000
start: 1250000, end: 1500000
start: 1500000, end: 1750000
numTasks: 8
tasks size: 8
start: 0, end: 250000
start: 250000, end: 500000
start: 500000, end: 750000
start: 750000, end: 1000000
start: 1000000, end: 1250000
start: 1250000, end: 1500000
start: 1500000, end: 1750000
numTasks: 8
tasks size: 8
start: 0, end: 250000
start: 250000, end: 500000
start: 500000, end: 750000
start: 750000, end: 1000000
start: 1000000, end: 1250000
start: 1250000, end: 1500000
start: 1500000, end: 1750000
numTasks: 8
tasks size: 8
start: 0, end: 250000
start: 250000, end: 500000
start: 500000, end: 750000
start: 750000, end: 1000000
start: 1000000, end: 1250000
start: 1250000, end: 1500000
start: 1500000, end: 1750000
numTasks: 8
tasks size: 8
start: 0, end: 250000
start: 250000, end: 500000
start: 500000, end: 750000
start: 750000, end: 1000000
start: 1000000, end: 1250000
start: 1250000, end: 1500000
start: 1500000, end: 1750000
numTasks: 8
tasks size: 8
start: 0, end: 250000
start: 250000, end: 500000
start: 500000, end: 750000
start: 750000, end: 1000000
start: 1000000, end: 1250000
start: 1250000, end: 1500000
start: 1500000, end: 1750000
numTasks: 8
tasks size: 8
start: 0, end: 250000
start: 250000, end: 500000
start: 500000, end: 750000
start: 750000, end: 1000000
start: 1000000, end: 1250000
start: 1250000, end: 1500000
start: 1500000, end: 1750000
numTasks: 8
tasks size: 8
start: 0, end: 250000
start: 250000, end: 500000
start: 500000, end: 750000
start: 750000, end: 1000000
start: 1000000, end: 1250000
start: 1250000, end: 1500000
start: 1500000, end: 1750000
numTasks: 8
tasks size: 8
start: 0, end: 250000
start: 250000, end: 500000
start: 500000, end: 750000
start: 750000, end: 1000000
start: 1000000, end: 1250000
start: 1250000, end: 1500000
start: 1500000, end: 1750000
numTasks: 8
tasks size: 8
start: 0, end: 250000
start: 250000, end: 500000
start: 500000, end: 750000
start: 750000, end: 1000000
start: 1000000, end: 1250000
start: 1250000, end: 1500000
start: 1500000, end: 1750000
numTasks: 8
tasks size: 8
start: 0, end: 250000
start: 250000, end: 500000
start: 500000, end: 750000
start: 750000, end: 1000000
start: 1000000, end: 1250000
start: 1250000, end: 1500000
start: 1500000, end: 1750000
numTasks: 8
tasks size: 8
start: 0, end: 250000
start: 250000, end: 500000
start: 500000, end: 750000
start: 750000, end: 1000000
start: 1000000, end: 1250000
start: 1250000, end: 1500000
start: 1500000, end: 1750000
numTasks: 8
tasks size: 8
start: 0, end: 250000
start: 250000, end: 500000
start: 500000, end: 750000
start: 750000, end: 1000000
start: 1000000, end: 1250000
start: 1250000, end: 1500000
start: 1500000, end: 1750000
numTasks: 8
tasks size: 8
start: 0, end: 250000
start: 250000, end: 500000
start: 500000, end: 750000
start: 750000, end: 1000000
start: 1000000, end: 1250000
start: 1250000, end: 1500000
start: 1500000, end: 1750000
numTasks: 8
tasks size: 8
start: 0, end: 250000
start: 250000, end: 500000
start: 500000, end: 750000
start: 750000, end: 1000000
start: 1000000, end: 1250000
start: 1250000, end: 1500000
start: 1500000, end: 1750000
numTasks: 8
tasks size: 8
]]></system-out>
  </testcase>
  <testcase name="testParManyTaskTwoHundredMillion" classname="edu.coursera.parallel.ReciprocalArraySumTest" time="23.687">
    <failure message="It was expected that the many-task parallel implementation would run at least 6.400000x faster, but it only achieved 3.830986x speedup" type="junit.framework.AssertionFailedError">junit.framework.AssertionFailedError: It was expected that the many-task parallel implementation would run at least 6.400000x faster, but it only achieved 3.830986x speedup
	at junit.framework.Assert.fail(Assert.java:47)
	at junit.framework.Assert.assertTrue(Assert.java:20)
	at edu.coursera.parallel.ReciprocalArraySumTest.testParManyTaskTwoHundredMillion(ReciprocalArraySumTest.java:163)
</failure>
    <system-out><![CDATA[start: 0, end: 25000000
start: 25000000, end: 50000000
start: 50000000, end: 75000000
start: 75000000, end: 100000000
start: 100000000, end: 125000000
start: 125000000, end: 150000000
start: 150000000, end: 175000000
numTasks: 8
tasks size: 8
start: 0, end: 25000000
start: 25000000, end: 50000000
start: 50000000, end: 75000000
start: 75000000, end: 100000000
start: 100000000, end: 125000000
start: 125000000, end: 150000000
start: 150000000, end: 175000000
numTasks: 8
tasks size: 8
start: 0, end: 25000000
start: 25000000, end: 50000000
start: 50000000, end: 75000000
start: 75000000, end: 100000000
start: 100000000, end: 125000000
start: 125000000, end: 150000000
start: 150000000, end: 175000000
numTasks: 8
tasks size: 8
start: 0, end: 25000000
start: 25000000, end: 50000000
start: 50000000, end: 75000000
start: 75000000, end: 100000000
start: 100000000, end: 125000000
start: 125000000, end: 150000000
start: 150000000, end: 175000000
numTasks: 8
tasks size: 8
start: 0, end: 25000000
start: 25000000, end: 50000000
start: 50000000, end: 75000000
start: 75000000, end: 100000000
start: 100000000, end: 125000000
start: 125000000, end: 150000000
start: 150000000, end: 175000000
numTasks: 8
tasks size: 8
start: 0, end: 25000000
start: 25000000, end: 50000000
start: 50000000, end: 75000000
start: 75000000, end: 100000000
start: 100000000, end: 125000000
start: 125000000, end: 150000000
start: 150000000, end: 175000000
numTasks: 8
tasks size: 8
start: 0, end: 25000000
start: 25000000, end: 50000000
start: 50000000, end: 75000000
start: 75000000, end: 100000000
start: 100000000, end: 125000000
start: 125000000, end: 150000000
start: 150000000, end: 175000000
numTasks: 8
tasks size: 8
start: 0, end: 25000000
start: 25000000, end: 50000000
start: 50000000, end: 75000000
start: 75000000, end: 100000000
start: 100000000, end: 125000000
start: 125000000, end: 150000000
start: 150000000, end: 175000000
numTasks: 8
tasks size: 8
start: 0, end: 25000000
start: 25000000, end: 50000000
start: 50000000, end: 75000000
start: 75000000, end: 100000000
start: 100000000, end: 125000000
start: 125000000, end: 150000000
start: 150000000, end: 175000000
numTasks: 8
tasks size: 8
start: 0, end: 25000000
start: 25000000, end: 50000000
start: 50000000, end: 75000000
start: 75000000, end: 100000000
start: 100000000, end: 125000000
start: 125000000, end: 150000000
start: 150000000, end: 175000000
numTasks: 8
tasks size: 8
start: 0, end: 25000000
start: 25000000, end: 50000000
start: 50000000, end: 75000000
start: 75000000, end: 100000000
start: 100000000, end: 125000000
start: 125000000, end: 150000000
start: 150000000, end: 175000000
numTasks: 8
tasks size: 8
start: 0, end: 25000000
start: 25000000, end: 50000000
start: 50000000, end: 75000000
start: 75000000, end: 100000000
start: 100000000, end: 125000000
start: 125000000, end: 150000000
start: 150000000, end: 175000000
numTasks: 8
tasks size: 8
start: 0, end: 25000000
start: 25000000, end: 50000000
start: 50000000, end: 75000000
start: 75000000, end: 100000000
start: 100000000, end: 125000000
start: 125000000, end: 150000000
start: 150000000, end: 175000000
numTasks: 8
tasks size: 8
start: 0, end: 25000000
start: 25000000, end: 50000000
start: 50000000, end: 75000000
start: 75000000, end: 100000000
start: 100000000, end: 125000000
start: 125000000, end: 150000000
start: 150000000, end: 175000000
numTasks: 8
tasks size: 8
start: 0, end: 25000000
start: 25000000, end: 50000000
start: 50000000, end: 75000000
start: 75000000, end: 100000000
start: 100000000, end: 125000000
start: 125000000, end: 150000000
start: 150000000, end: 175000000
numTasks: 8
tasks size: 8
start: 0, end: 25000000
start: 25000000, end: 50000000
start: 50000000, end: 75000000
start: 75000000, end: 100000000
start: 100000000, end: 125000000
start: 125000000, end: 150000000
start: 150000000, end: 175000000
numTasks: 8
tasks size: 8
start: 0, end: 25000000
start: 25000000, end: 50000000
start: 50000000, end: 75000000
start: 75000000, end: 100000000
start: 100000000, end: 125000000
start: 125000000, end: 150000000
start: 150000000, end: 175000000
numTasks: 8
tasks size: 8
start: 0, end: 25000000
start: 25000000, end: 50000000
start: 50000000, end: 75000000
start: 75000000, end: 100000000
start: 100000000, end: 125000000
start: 125000000, end: 150000000
start: 150000000, end: 175000000
numTasks: 8
tasks size: 8
start: 0, end: 25000000
start: 25000000, end: 50000000
start: 50000000, end: 75000000
start: 75000000, end: 100000000
start: 100000000, end: 125000000
start: 125000000, end: 150000000
start: 150000000, end: 175000000
numTasks: 8
tasks size: 8
start: 0, end: 25000000
start: 25000000, end: 50000000
start: 50000000, end: 75000000
start: 75000000, end: 100000000
start: 100000000, end: 125000000
start: 125000000, end: 150000000
start: 150000000, end: 175000000
numTasks: 8
tasks size: 8
start: 0, end: 25000000
start: 25000000, end: 50000000
start: 50000000, end: 75000000
start: 75000000, end: 100000000
start: 100000000, end: 125000000
start: 125000000, end: 150000000
start: 150000000, end: 175000000
numTasks: 8
tasks size: 8
start: 0, end: 25000000
start: 25000000, end: 50000000
start: 50000000, end: 75000000
start: 75000000, end: 100000000
start: 100000000, end: 125000000
start: 125000000, end: 150000000
start: 150000000, end: 175000000
numTasks: 8
tasks size: 8
start: 0, end: 25000000
start: 25000000, end: 50000000
start: 50000000, end: 75000000
start: 75000000, end: 100000000
start: 100000000, end: 125000000
start: 125000000, end: 150000000
start: 150000000, end: 175000000
numTasks: 8
tasks size: 8
start: 0, end: 25000000
start: 25000000, end: 50000000
start: 50000000, end: 75000000
start: 75000000, end: 100000000
start: 100000000, end: 125000000
start: 125000000, end: 150000000
start: 150000000, end: 175000000
numTasks: 8
tasks size: 8
start: 0, end: 25000000
start: 25000000, end: 50000000
start: 50000000, end: 75000000
start: 75000000, end: 100000000
start: 100000000, end: 125000000
start: 125000000, end: 150000000
start: 150000000, end: 175000000
numTasks: 8
tasks size: 8
start: 0, end: 25000000
start: 25000000, end: 50000000
start: 50000000, end: 75000000
start: 75000000, end: 100000000
start: 100000000, end: 125000000
start: 125000000, end: 150000000
start: 150000000, end: 175000000
numTasks: 8
tasks size: 8
start: 0, end: 25000000
start: 25000000, end: 50000000
start: 50000000, end: 75000000
start: 75000000, end: 100000000
start: 100000000, end: 125000000
start: 125000000, end: 150000000
start: 150000000, end: 175000000
numTasks: 8
tasks size: 8
start: 0, end: 25000000
start: 25000000, end: 50000000
start: 50000000, end: 75000000
start: 75000000, end: 100000000
start: 100000000, end: 125000000
start: 125000000, end: 150000000
start: 150000000, end: 175000000
numTasks: 8
tasks size: 8
start: 0, end: 25000000
start: 25000000, end: 50000000
start: 50000000, end: 75000000
start: 75000000, end: 100000000
start: 100000000, end: 125000000
start: 125000000, end: 150000000
start: 150000000, end: 175000000
numTasks: 8
tasks size: 8
start: 0, end: 25000000
start: 25000000, end: 50000000
start: 50000000, end: 75000000
start: 75000000, end: 100000000
start: 100000000, end: 125000000
start: 125000000, end: 150000000
start: 150000000, end: 175000000
numTasks: 8
tasks size: 8
start: 0, end: 25000000
start: 25000000, end: 50000000
start: 50000000, end: 75000000
start: 75000000, end: 100000000
start: 100000000, end: 125000000
start: 125000000, end: 150000000
start: 150000000, end: 175000000
numTasks: 8
tasks size: 8
start: 0, end: 25000000
start: 25000000, end: 50000000
start: 50000000, end: 75000000
start: 75000000, end: 100000000
start: 100000000, end: 125000000
start: 125000000, end: 150000000
start: 150000000, end: 175000000
numTasks: 8
tasks size: 8
start: 0, end: 25000000
start: 25000000, end: 50000000
start: 50000000, end: 75000000
start: 75000000, end: 100000000
start: 100000000, end: 125000000
start: 125000000, end: 150000000
start: 150000000, end: 175000000
numTasks: 8
tasks size: 8
start: 0, end: 25000000
start: 25000000, end: 50000000
start: 50000000, end: 75000000
start: 75000000, end: 100000000
start: 100000000, end: 125000000
start: 125000000, end: 150000000
start: 150000000, end: 175000000
numTasks: 8
tasks size: 8
start: 0, end: 25000000
start: 25000000, end: 50000000
start: 50000000, end: 75000000
start: 75000000, end: 100000000
start: 100000000, end: 125000000
start: 125000000, end: 150000000
start: 150000000, end: 175000000
numTasks: 8
tasks size: 8
start: 0, end: 25000000
start: 25000000, end: 50000000
start: 50000000, end: 75000000
start: 75000000, end: 100000000
start: 100000000, end: 125000000
start: 125000000, end: 150000000
start: 150000000, end: 175000000
numTasks: 8
tasks size: 8
start: 0, end: 25000000
start: 25000000, end: 50000000
start: 50000000, end: 75000000
start: 75000000, end: 100000000
start: 100000000, end: 125000000
start: 125000000, end: 150000000
start: 150000000, end: 175000000
numTasks: 8
tasks size: 8
start: 0, end: 25000000
start: 25000000, end: 50000000
start: 50000000, end: 75000000
start: 75000000, end: 100000000
start: 100000000, end: 125000000
start: 125000000, end: 150000000
start: 150000000, end: 175000000
numTasks: 8
tasks size: 8
start: 0, end: 25000000
start: 25000000, end: 50000000
start: 50000000, end: 75000000
start: 75000000, end: 100000000
start: 100000000, end: 125000000
start: 125000000, end: 150000000
start: 150000000, end: 175000000
numTasks: 8
tasks size: 8
start: 0, end: 25000000
start: 25000000, end: 50000000
start: 50000000, end: 75000000
start: 75000000, end: 100000000
start: 100000000, end: 125000000
start: 125000000, end: 150000000
start: 150000000, end: 175000000
numTasks: 8
tasks size: 8
start: 0, end: 25000000
start: 25000000, end: 50000000
start: 50000000, end: 75000000
start: 75000000, end: 100000000
start: 100000000, end: 125000000
start: 125000000, end: 150000000
start: 150000000, end: 175000000
numTasks: 8
tasks size: 8
start: 0, end: 25000000
start: 25000000, end: 50000000
start: 50000000, end: 75000000
start: 75000000, end: 100000000
start: 100000000, end: 125000000
start: 125000000, end: 150000000
start: 150000000, end: 175000000
numTasks: 8
tasks size: 8
start: 0, end: 25000000
start: 25000000, end: 50000000
start: 50000000, end: 75000000
start: 75000000, end: 100000000
start: 100000000, end: 125000000
start: 125000000, end: 150000000
start: 150000000, end: 175000000
numTasks: 8
tasks size: 8
start: 0, end: 25000000
start: 25000000, end: 50000000
start: 50000000, end: 75000000
start: 75000000, end: 100000000
start: 100000000, end: 125000000
start: 125000000, end: 150000000
start: 150000000, end: 175000000
numTasks: 8
tasks size: 8
start: 0, end: 25000000
start: 25000000, end: 50000000
start: 50000000, end: 75000000
start: 75000000, end: 100000000
start: 100000000, end: 125000000
start: 125000000, end: 150000000
start: 150000000, end: 175000000
numTasks: 8
tasks size: 8
start: 0, end: 25000000
start: 25000000, end: 50000000
start: 50000000, end: 75000000
start: 75000000, end: 100000000
start: 100000000, end: 125000000
start: 125000000, end: 150000000
start: 150000000, end: 175000000
numTasks: 8
tasks size: 8
start: 0, end: 25000000
start: 25000000, end: 50000000
start: 50000000, end: 75000000
start: 75000000, end: 100000000
start: 100000000, end: 125000000
start: 125000000, end: 150000000
start: 150000000, end: 175000000
numTasks: 8
tasks size: 8
start: 0, end: 25000000
start: 25000000, end: 50000000
start: 50000000, end: 75000000
start: 75000000, end: 100000000
start: 100000000, end: 125000000
start: 125000000, end: 150000000
start: 150000000, end: 175000000
numTasks: 8
tasks size: 8
start: 0, end: 25000000
start: 25000000, end: 50000000
start: 50000000, end: 75000000
start: 75000000, end: 100000000
start: 100000000, end: 125000000
start: 125000000, end: 150000000
start: 150000000, end: 175000000
numTasks: 8
tasks size: 8
start: 0, end: 25000000
start: 25000000, end: 50000000
start: 50000000, end: 75000000
start: 75000000, end: 100000000
start: 100000000, end: 125000000
start: 125000000, end: 150000000
start: 150000000, end: 175000000
numTasks: 8
tasks size: 8
start: 0, end: 25000000
start: 25000000, end: 50000000
start: 50000000, end: 75000000
start: 75000000, end: 100000000
start: 100000000, end: 125000000
start: 125000000, end: 150000000
start: 150000000, end: 175000000
numTasks: 8
tasks size: 8
start: 0, end: 25000000
start: 25000000, end: 50000000
start: 50000000, end: 75000000
start: 75000000, end: 100000000
start: 100000000, end: 125000000
start: 125000000, end: 150000000
start: 150000000, end: 175000000
numTasks: 8
tasks size: 8
start: 0, end: 25000000
start: 25000000, end: 50000000
start: 50000000, end: 75000000
start: 75000000, end: 100000000
start: 100000000, end: 125000000
start: 125000000, end: 150000000
start: 150000000, end: 175000000
numTasks: 8
tasks size: 8
start: 0, end: 25000000
start: 25000000, end: 50000000
start: 50000000, end: 75000000
start: 75000000, end: 100000000
start: 100000000, end: 125000000
start: 125000000, end: 150000000
start: 150000000, end: 175000000
numTasks: 8
tasks size: 8
start: 0, end: 25000000
start: 25000000, end: 50000000
start: 50000000, end: 75000000
start: 75000000, end: 100000000
start: 100000000, end: 125000000
start: 125000000, end: 150000000
start: 150000000, end: 175000000
numTasks: 8
tasks size: 8
start: 0, end: 25000000
start: 25000000, end: 50000000
start: 50000000, end: 75000000
start: 75000000, end: 100000000
start: 100000000, end: 125000000
start: 125000000, end: 150000000
start: 150000000, end: 175000000
numTasks: 8
tasks size: 8
start: 0, end: 25000000
start: 25000000, end: 50000000
start: 50000000, end: 75000000
start: 75000000, end: 100000000
start: 100000000, end: 125000000
start: 125000000, end: 150000000
start: 150000000, end: 175000000
numTasks: 8
tasks size: 8
start: 0, end: 25000000
start: 25000000, end: 50000000
start: 50000000, end: 75000000
start: 75000000, end: 100000000
start: 100000000, end: 125000000
start: 125000000, end: 150000000
start: 150000000, end: 175000000
numTasks: 8
tasks size: 8
start: 0, end: 25000000
start: 25000000, end: 50000000
start: 50000000, end: 75000000
start: 75000000, end: 100000000
start: 100000000, end: 125000000
start: 125000000, end: 150000000
start: 150000000, end: 175000000
numTasks: 8
tasks size: 8
start: 0, end: 25000000
start: 25000000, end: 50000000
start: 50000000, end: 75000000
start: 75000000, end: 100000000
start: 100000000, end: 125000000
start: 125000000, end: 150000000
start: 150000000, end: 175000000
numTasks: 8
tasks size: 8
start: 0, end: 25000000
start: 25000000, end: 50000000
start: 50000000, end: 75000000
start: 75000000, end: 100000000
start: 100000000, end: 125000000
start: 125000000, end: 150000000
start: 150000000, end: 175000000
numTasks: 8
tasks size: 8
]]></system-out>
  </testcase>
</testsuite>